1613698534896	geckodriver	INFO	Listening on 127.0.0.1:53270
1613698537969	mozrunner::runner	INFO	Running command: "C:\\Program Files\\Mozilla Firefox\\firefox.exe" "--marionette" "-foreground" "-no-remote" "-profile" "C:\\Users\\Arijit\\AppData\\Local\\Temp\\rust_mozprofileCwiQrF"
console.warn: SearchSettings: "get: No settings file exists, new profile?" (new Error("", "(unknown module)"))
console.warn: SearchSettings: "get: No settings file exists, new profile?" (new Error("", "(unknown module)"))
1613698540352	Marionette	INFO	Listening on port 53279
1613698540614	Marionette	WARN	TLS certificate errors will be ignored for this session
1613698540626	Marionette	ERROR	[15] No reply from Marionette:Register
1613698541429	Marionette	INFO	Stopped listening on port 53279

###!!! [Child][RunMessage] Error: Channel closing: too late to send/recv, messages will be lost

1613698542016	geckodriver	INFO	Listening on 127.0.0.1:53327
1613698545062	mozrunner::runner	INFO	Running command: "C:\\Program Files\\Mozilla Firefox\\firefox.exe" "--marionette" "-foreground" "-no-remote" "-profile" "C:\\Users\\Arijit\\AppData\\Local\\Temp\\rust_mozprofileFhAXjC"
console.warn: SearchSettings: "get: No settings file exists, new profile?" (new Error("", "(unknown module)"))
1613698547020	Marionette	INFO	Listening on port 53337
1613698547095	Marionette	WARN	TLS certificate errors will be ignored for this session
1613698547109	Marionette	ERROR	[15] No reply from Marionette:Register
1613698552787	Marionette	INFO	Stopped listening on port 53337

###!!! [Child][RunMessage] Error: Channel closing: too late to send/recv, messages will be lost

1613703971796	geckodriver	INFO	Listening on 127.0.0.1:50327
1613703974841	mozrunner::runner	INFO	Running command: "C:\\Program Files\\Mozilla Firefox\\firefox.exe" "--marionette" "-foreground" "-no-remote" "-profile" "C:\\Users\\Arijit\\AppData\\Local\\Temp\\rust_mozprofiledWHP8F"
console.warn: SearchSettings: "get: No settings file exists, new profile?" (new Error("", "(unknown module)"))
console.warn: SearchSettings: "get: No settings file exists, new profile?" (new Error("", "(unknown module)"))
1613703979430	Marionette	INFO	Listening on port 50335
1613703979676	Marionette	WARN	TLS certificate errors will be ignored for this session
1613703979697	Marionette	ERROR	[15] No reply from Marionette:Register
1613703980607	Marionette	INFO	Stopped listening on port 50335

###!!! [Child][RunMessage] Error: Channel closing: too late to send/recv, messages will be lost

1613703981618	geckodriver	INFO	Listening on 127.0.0.1:50384
1613703984644	mozrunner::runner	INFO	Running command: "C:\\Program Files\\Mozilla Firefox\\firefox.exe" "--marionette" "-foreground" "-no-remote" "-profile" "C:\\Users\\Arijit\\AppData\\Local\\Temp\\rust_mozprofileAsDVEc"
console.warn: SearchSettings: "get: No settings file exists, new profile?" (new Error("", "(unknown module)"))
console.warn: SearchSettings: "get: No settings file exists, new profile?" (new Error("", "(unknown module)"))
1613703988759	Marionette	INFO	Listening on port 50392
1613703988868	Marionette	WARN	TLS certificate errors will be ignored for this session
1613703988888	Marionette	ERROR	[18] No reply from Marionette:Register
1613703992850	Marionette	INFO	Stopped listening on port 50392

###!!! [Child][RunMessage] Error: Channel closing: too late to send/recv, messages will be lost

1613704008536	geckodriver	INFO	Listening on 127.0.0.1:50452
1613704011579	mozrunner::runner	INFO	Running command: "C:\\Program Files\\Mozilla Firefox\\firefox.exe" "--marionette" "-foreground" "-no-remote" "-profile" "C:\\Users\\Arijit\\AppData\\Local\\Temp\\rust_mozprofilehIwImQ"
console.warn: SearchSettings: "get: No settings file exists, new profile?" (new Error("", "(unknown module)"))
console.warn: SearchSettings: "get: No settings file exists, new profile?" (new Error("", "(unknown module)"))
1613704018253	Marionette	INFO	Listening on port 50469
1613704018695	Marionette	WARN	TLS certificate errors will be ignored for this session
1613704018735	Marionette	ERROR	[15] No reply from Marionette:Register
1613704023686	Marionette	INFO	Stopped listening on port 50468

###!!! [Child][RunMessage] Error: Channel closing: too late to send/recv, messages will be lost

esData[table] is undefined

###!!! [Child][RunMessage] Error: Channel closing: too late to send/recv, messages will be lost


###!!! [Child][RunMessage] Error: Channel closing: too late to send/recv, messages will be lost

1613704315922	geckodriver	INFO	Listening on 127.0.0.1:50807
1613704318972	mozrunner::runner	INFO	Running command: "C:\\Program Files\\Mozilla Firefox\\firefox.exe" "--marionette" "-foreground" "-no-remote" "-profile" "C:\\Users\\Arijit\\AppData\\Local\\Temp\\rust_mozprofileJ6Rwww"
console.warn: SearchSettings: "get: No settings file exists, new profile?" (new Error("", "(unknown module)"))
1613704321861	Marionette	INFO	Listening on port 50822
1613704322193	Marionette	WARN	TLS certificate errors will be ignored for this session
1613704322208	Marionette	ERROR	[15] No reply from Marionette:Register
console.warn: SearchSettings: "get: No settings file exists, new profile?" (new Error("", "(unknown module)"))
1613704327387	Marionette	INFO	Stopped listening on port 50824

###!!! [Child][RunMessage] Error: Channel closing: too late to send/recv, messages will be lost

orkError when attempting to fetch resource.

###!!! [Child][RunMessage] Error: Channel closing: too late to send/recv, messages will be lost

1613707172485	geckodriver	INFO	Listening on 127.0.0.1:51251
1613707175569	mozrunner::runner	INFO	Running command: "C:\\Program Files\\Mozilla Firefox\\firefox.exe" "--marionette" "-foreground" "-no-remote" "-profile" "C:\\Users\\Arijit\\AppData\\Local\\Temp\\rust_mozprofileFBIUh9"
console.warn: SearchSettings: "get: No settings file exists, new profile?" (new Error("", "(unknown module)"))
console.warn: SearchSettings: "get: No settings file exists, new profile?" (new Error("", "(unknown module)"))
1613707177859	Marionette	INFO	Listening on port 51259
1613707178222	Marionette	WARN	TLS certificate errors will be ignored for this session
1613707178237	Marionette	ERROR	[15] No reply from Marionette:Register
1613707179020	Marionette	INFO	Stopped listening on port 51259

###!!! [Child][RunMessage] Error: Channel closing: too late to send/recv, messages will be lost

1613707179644	geckodriver	INFO	Listening on 127.0.0.1:51307
1613707182726	mozrunner::runner	INFO	Running command: "C:\\Program Files\\Mozilla Firefox\\firefox.exe" "--marionette" "-foreground" "-no-remote" "-profile" "C:\\Users\\Arijit\\AppData\\Local\\Temp\\rust_mozprofileBvebNN"
console.warn: SearchSettings: "get: No settings file exists, new profile?" (new Error("", "(unknown module)"))
console.warn: SearchSettings: "get: No settings file exists, new profile?" (new Error("", "(unknown module)"))
1613707184849	Marionette	INFO	Listening on port 51315
1613707184893	Marionette	WARN	TLS certificate errors will be ignored for this session
1613707184910	Marionette	ERROR	[18] No reply from Marionette:Register
1613707191754	Marionette	INFO	Stopped listening on port 51315

###!!! [Child][RunMessage] Error: Channel closing: too late to send/recv, messages will be lost

1613707335598	geckodriver	INFO	Listening on 127.0.0.1:51383
1613707338664	mozrunner::runner	INFO	Running command: "C:\\Program Files\\Mozilla Firefox\\firefox.exe" "--marionette" "-foreground" "-no-remote" "-profile" "C:\\Users\\Arijit\\AppData\\Local\\Temp\\rust_mozprofilesUrtVO"
console.warn: SearchSettings: "get: No settings file exists, new profile?" (new Error("", "(unknown module)"))
console.warn: SearchSettings: "get: No settings file exists, new profile?" (new Error("", "(unknown module)"))
1613707340918	Marionette	INFO	Listening on port 51391
1613707341347	Marionette	WARN	TLS certificate errors will be ignored for this session
1613707341359	Marionette	ERROR	[18] No reply from Marionette:Register
1613707369480	Marionette	INFO	Stopped listening on port 51391

###!!! [Child][RunMessage] Error: Channel closing: too late to send/recv, messages will be lost

1613707405961	geckodriver	INFO	Listening on 127.0.0.1:51454
1613707409015	mozrunner::runner	INFO	Running command: "C:\\Program Files\\Mozilla Firefox\\firefox.exe" "--marionette" "-foreground" "-no-remote" "-profile" "C:\\Users\\Arijit\\AppData\\Local\\Temp\\rust_mozprofilelpudQt"
console.warn: SearchSettings: "get: No settings file exists, new profile?" (new Error("", "(unknown module)"))
console.warn: SearchSettings: "get: No settings file exists, new profile?" (new Error("", "(unknown module)"))
1613707411075	Marionette	INFO	Listening on port 51462
1613707411167	Marionette	WARN	TLS certificate errors will be ignored for this session
1613707411185	Marionette	ERROR	[15] No reply from Marionette:Register
1613707423257	Marionette	INFO	Stopped listening on port 51462

###!!! [Child][RunMessage] Error: Channel closing: too late to send/recv, messages will be lost

1613707583437	geckodriver	INFO	Listening on 127.0.0.1:51531
1613707586515	mozrunner::runner	INFO	Running command: "C:\\Program Files\\Mozilla Firefox\\firefox.exe" "--marionette" "-foreground" "-no-remote" "-profile" "C:\\Users\\Arijit\\AppData\\Local\\Temp\\rust_mozprofileJQAeqq"
console.warn: SearchSettings: "get: No settings file exists, new profile?" (new Error("", "(unknown module)"))
console.warn: SearchSettings: "get: No settings file exists, new profile?" (new Error("", "(unknown module)"))
1613707588588	Marionette	INFO	Listening on port 51539
1613707588672	Marionette	WARN	TLS certificate errors will be ignored for this session
1613707588684	Marionette	ERROR	[15] No reply from Marionette:Register
1613707594137	Marionette	INFO	Stopped listening on port 51539

###!!! [Child][RunMessage] Error: Channel closing: too late to send/recv, messages will be lost

1613707880094	geckodriver	INFO	Listening on 127.0.0.1:51610
1613707883136	mozrunner::runner	INFO	Running command: "C:\\Program Files\\Mozilla Firefox\\firefox.exe" "--marionette" "-foreground" "-no-remote" "-profile" "C:\\Users\\Arijit\\AppData\\Local\\Temp\\rust_mozprofileRKy65a"
console.warn: SearchSettings: "get: No settings file exists, new profile?" (new Error("", "(unknown module)"))
1613707885111	Marionette	INFO	Listening on port 51618
console.warn: SearchSettings: "get: No settings file exists, new profile?" (new Error("", "(unknown module)"))
1613707885198	Marionette	WARN	TLS certificate errors will be ignored for this session
1613707885215	Marionette	ERROR	[15] No reply from Marionette:Register
1613707897079	Marionette	INFO	Stopped listening on port 51618

###!!! [Child][RunMessage] Error: Channel closing: too late to send/recv, messages will be lost

1613708009215	geckodriver	INFO	Listening on 127.0.0.1:51700
1613708012289	mozrunner::runner	INFO	Running command: "C:\\Program Files\\Mozilla Firefox\\firefox.exe" "--marionette" "-foreground" "-no-remote" "-profile" "C:\\Users\\Arijit\\AppData\\Local\\Temp\\rust_mozprofile9Ws6Am"
console.warn: SearchSettings: "get: No settings file exists, new profile?" (new Error("", "(unknown module)"))
1613708014280	Marionette	INFO	Listening on port 51708
1613708014372	Marionette	WARN	TLS certificate errors will be ignored for this session
1613708014385	Marionette	ERROR	[15] No reply from Marionette:Register
console.warn: SearchSettings: "get: No settings file exists, new profile?" (new Error("", "(unknown module)"))
1613708025487	Marionette	INFO	Stopped listening on port 51708

###!!! [Child][RunMessage] Error: Channel closing: too late to send/recv, messages will be lost

1613708131211	geckodriver	INFO	Listening on 127.0.0.1:51794
1613708134244	mozrunner::runner	INFO	Running command: "C:\\Program Files\\Mozilla Firefox\\firefox.exe" "--marionette" "-foreground" "-no-remote" "-profile" "C:\\Users\\Arijit\\AppData\\Local\\Temp\\rust_mozprofileW6aiR3"
console.warn: SearchSettings: "get: No settings file exists, new profile?" (new Error("", "(unknown module)"))
console.warn: SearchSettings: "get: No settings file exists, new profile?" (new Error("", "(unknown module)"))
1613708136310	Marionette	INFO	Listening on port 51805
1613708136416	Marionette	WARN	TLS certificate errors will be ignored for this session
1613708136428	Marionette	ERROR	[18] No reply from Marionette:Register
1613708149110	Marionette	INFO	Stopped listening on port 51805

###!!! [Child][RunMessage] Error: Channel closing: too late to send/recv, messages will be lost

1613708352367	geckodriver	INFO	Listening on 127.0.0.1:51891
1613708355423	mozrunner::runner	INFO	Running command: "C:\\Program Files\\Mozilla Firefox\\firefox.exe" "--marionette" "-foreground" "-no-remote" "-profile" "C:\\Users\\Arijit\\AppData\\Local\\Temp\\rust_mozprofileiZt8kI"
console.warn: SearchSettings: "get: No settings file exists, new profile?" (new Error("", "(unknown module)"))
1613708357351	Marionette	INFO	Listening on port 51899
console.warn: SearchSettings: "get: No settings file exists, new profile?" (new Error("", "(unknown module)"))
1613708357483	Marionette	WARN	TLS certificate errors will be ignored for this session
1613708357495	Marionette	ERROR	[18] No reply from Marionette:Register
1613708378934	Marionette	INFO	Stopped listening on port 51899

###!!! [Child][RunMessage] Error: Channel closing: too late to send/recv, messages will be lost

1613708402654	geckodriver	INFO	Listening on 127.0.0.1:51951
1613708405763	mozrunner::runner	INFO	Running command: "C:\\Program Files\\Mozilla Firefox\\firefox.exe" "--marionette" "-foreground" "-no-remote" "-profile" "C:\\Users\\Arijit\\AppData\\Local\\Temp\\rust_mozprofilev48AGV"
console.warn: SearchSettings: "get: No settings file exists, new profile?" (new Error("", "(unknown module)"))
console.warn: SearchSettings: "get: No settings file exists, new profile?" (new Error("", "(unknown module)"))
1613708407841	Marionette	INFO	Listening on port 51961
1613708407922	Marionette	WARN	TLS certificate errors will be ignored for this session
1613708407936	Marionette	ERROR	[15] No reply from Marionette:Register
1613708420850	Marionette	INFO	Stopped listening on port 51961

###!!! [Child][RunMessage] Error: Channel closing: too late to send/recv, messages will be lost

1613708539540	geckodriver	INFO	Listening on 127.0.0.1:52023
1613708542620	mozrunner::runner	INFO	Running command: "C:\\Program Files\\Mozilla Firefox\\firefox.exe" "--marionette" "-foreground" "-no-remote" "-profile" "C:\\Users\\Arijit\\AppData\\Local\\Temp\\rust_mozprofilewdqGer"
console.warn: SearchSettings: "get: No settings file exists, new profile?" (new Error("", "(unknown module)"))
console.warn: SearchSettings: "get: No settings file exists, new profile?" (new Error("", "(unknown module)"))
1613708544822	Marionette	INFO	Listening on port 52031
1613708545289	Marionette	WARN	TLS certificate errors will be ignored for this session
1613708545301	Marionette	ERROR	[18] No reply from Marionette:Register
1613708588493	Marionette	INFO	Stopped listening on port 52031

###!!! [Child][RunMessage] Error: Channel closing: too late to send/recv, messages will be lost

1613708778365	geckodriver	INFO	Listening on 127.0.0.1:52108
1613708781425	mozrunner::runner	INFO	Running command: "C:\\Program Files\\Mozilla Firefox\\firefox.exe" "--marionette" "-foreground" "-no-remote" "-profile" "C:\\Users\\Arijit\\AppData\\Local\\Temp\\rust_mozprofilehD0zuE"
console.warn: SearchSettings: "get: No settings file exists, new profile?" (new Error("", "(unknown module)"))
console.warn: SearchSettings: "get: No settings file exists, new profile?" (new Error("", "(unknown module)"))
1613708783652	Marionette	INFO	Listening on port 52116
1613708784127	Marionette	WARN	TLS certificate errors will be ignored for this session
1613708784143	Marionette	ERROR	[15] No reply from Marionette:Register
1613708799221	Marionette	INFO	Stopped listening on port 52116

###!!! [Child][RunMessage] Error: Channel closing: too late to send/recv, messages will be lost

1613708867556	geckodriver	INFO	Listening on 127.0.0.1:52179
1613708870646	mozrunner::runner	INFO	Running command: "C:\\Program Files\\Mozilla Firefox\\firefox.exe" "--marionette" "-foreground" "-no-remote" "-profile" "C:\\Users\\Arijit\\AppData\\Local\\Temp\\rust_mozprofile52mkfE"
console.warn: SearchSettings: "get: No settings file exists, new profile?" (new Error("", "(unknown module)"))
console.warn: SearchSettings: "get: No settings file exists, new profile?" (new Error("", "(unknown module)"))
1613708872676	Marionette	INFO	Listening on port 52187
1613708872730	Marionette	WARN	TLS certificate errors will be ignored for this session
1613708872755	Marionette	ERROR	[15] No reply from Marionette:Register
1613708894559	Marionette	INFO	Stopped listening on port 52187
1613709003154	geckodriver	INFO	Listening on 127.0.0.1:52252
1613709006211	mozrunner::runner	INFO	Running command: "C:\\Program Files\\Mozilla Firefox\\firefox.exe" "--marionette" "-foreground" "-no-remote" "-profile" "C:\\Users\\Arijit\\AppData\\Local\\Temp\\rust_mozprofile7oL5xi"
console.warn: SearchSettings: "get: No settings file exists, new profile?" (new Error("", "(unknown module)"))
1613709008154	Marionette	INFO	Listening on port 52262
1613709008262	Marionette	WARN	TLS certificate errors will be ignored for this session
1613709008276	Marionette	ERROR	[15] No reply from Marionette:Register
1613709028466	Marionette	INFO	Stopped listening on port 52262

###!!! [Child][RunMessage] Error: Channel closing: too late to send/recv, messages will be lost

1613709183362	geckodriver	INFO	Listening on 127.0.0.1:52379
1613709186436	mozrunner::runner	INFO	Running command: "C:\\Program Files\\Mozilla Firefox\\firefox.exe" "--marionette" "-foreground" "-no-remote" "-profile" "C:\\Users\\Arijit\\AppData\\Local\\Temp\\rust_mozprofileiRonAZ"
console.warn: SearchSettings: "get: No settings file exists, new profile?" (new Error("", "(unknown module)"))
1613709188377	Marionette	INFO	Listening on port 52389
1613709188493	Marionette	WARN	TLS certificate errors will be ignored for this session
1613709188508	Marionette	ERROR	[15] No reply from Marionette:Register
1613709218353	Marionette	INFO	Stopped listening on port 52389

###!!! [Child][RunMessage] Error: Channel closing: too late to send/recv, messages will be lost

1613710327315	geckodriver	INFO	Listening on 127.0.0.1:52646
1613710330392	mozrunner::runner	INFO	Running command: "C:\\Program Files\\Mozilla Firefox\\firefox.exe" "--marionette" "-foreground" "-no-remote" "-profile" "C:\\Users\\Arijit\\AppData\\Local\\Temp\\rust_mozprofileivT7Ia"
console.warn: SearchSettings: "get: No settings file exists, new profile?" (new Error("", "(unknown module)"))
console.warn: SearchSettings: "get: No settings file exists, new profile?" (new Error("", "(unknown module)"))
1613710332582	Marionette	INFO	Listening on port 52654
1613710333061	Marionette	WARN	TLS certificate errors will be ignored for this session
1613710333073	Marionette	ERROR	[15] No reply from Marionette:Register
1613710333897	Marionette	INFO	Stopped listening on port 52654

###!!! [Child][RunMessage] Error: Channel closing: too late to send/recv, messages will be lost

1613710334445	geckodriver	INFO	Listening on 127.0.0.1:52704
1613710337536	mozrunner::runner	INFO	Running command: "C:\\Program Files\\Mozilla Firefox\\firefox.exe" "--marionette" "-foreground" "-no-remote" "-profile" "C:\\Users\\Arijit\\AppData\\Local\\Temp\\rust_mozprofileH1KnLe"
console.warn: SearchSettings: "get: No settings file exists, new profile?" (new Error("", "(unknown module)"))
console.warn: SearchSettings: "get: No settings file exists, new profile?" (new Error("", "(unknown module)"))
1613710339618	Marionette	INFO	Listening on port 52712
1613710339711	Marionette	WARN	TLS certificate errors will be ignored for this session
1613710339726	Marionette	ERROR	[18] No reply from Marionette:Register
1613710343400	Marionette	INFO	Stopped listening on port 52712

###!!! [Child][RunMessage] Error: Channel closing: too late to send/recv, messages will be lost

1614119336690	geckodriver	INFO	Listening on 127.0.0.1:49451
1614119339762	mozrunner::runner	INFO	Running command: "C:\\Program Files\\Mozilla Firefox\\firefox.exe" "--marionette" "-foreground" "-no-remote" "-profile" "C:\\Users\\Arijit\\AppData\\Local\\Temp\\rust_mozprofileufKvig"
console.warn: SearchSettings: "get: No settings file exists, new profile?" (new Error("", "(unknown module)"))
console.warn: SearchSettings: "get: No settings file exists, new profile?" (new Error("", "(unknown module)"))
1614119341919	Marionette	INFO	Listening on port 49460
1614119342429	Marionette	WARN	TLS certificate errors will be ignored for this session
1614119342440	Marionette	ERROR	[15] No reply from Marionette:Register
1614119352231	Marionette	WARN	TimedPromise timed out after 500 ms: stacktrace:
TimedPromise/<@chrome://marionette/content/sync.js:235:19
TimedPromise@chrome://marionette/content/sync.js:220:10
interaction.flushEventLoop@chrome://marionette/content/interaction.js:418:10
webdriverClickElement@chrome://marionette/content/interaction.js:179:31
send@https://admin-demo.nopcommerce.com/lib/jquery/jquery-3.4.1.min.js:2:81476
ajax@https://admin-demo.nopcommerce.com/lib/jquery/jquery-3.4.1.min.js:2:77295
s.ajax@https://admin-demo.nopcommerce.com/lib/jquery-migrate/jquery-migrate-3.1.0.min.js:2:3154
init@https://admin-demo.nopcommerce.com/js/admin.navigation.js:56:11
initOnce@https://admin-demo.nopcommerce.com/js/admin.navigation.js:90:17
init@https://admin-demo.nopcommerce.com/js/admin.search.js:72:30
@https://admin-demo.nopcommerce.com/Admin/Customer/List:148:46
e@https://admin-demo.nopcommerce.com/lib/jquery/jquery-3.4.1.min.js:2:29453
l/</t<@https://admin-demo.nopcommerce.com/lib/jquery/jquery-3.4.1.min.js:2:29755
1614119391260	Marionette	INFO	Stopped listening on port 49460
1614119479493	geckodriver	INFO	Listening on 127.0.0.1:49609
1614119482559	mozrunner::runner	INFO	Running command: "C:\\Program Files\\Mozilla Firefox\\firefox.exe" "--marionette" "-foreground" "-no-remote" "-profile" "C:\\Users\\Arijit\\AppData\\Local\\Temp\\rust_mozprofileMYNzfp"
console.warn: SearchSettings: "get: No settings file exists, new profile?" (new Error("", "(unknown module)"))
console.warn: SearchSettings: "get: No settings file exists, new profile?" (new Error("", "(unknown module)"))
1614119484794	Marionette	INFO	Listening on port 49619
1614119485239	Marionette	WARN	TLS certificate errors will be ignored for this session
1614119485253	Marionette	ERROR	[18] No reply from Marionette:Register
1614119507260	Marionette	INFO	Stopped listening on port 49619
JavaScript error: https://admin-demo.nopcommerce.com/lib/jquery/jquery-3.4.1.min.js, line 2: NS_ERROR_NOT_INITIALIZED: 

###!!! [Child][RunMessage] Error: Channel closing: too late to send/recv, messages will be lost

1614119589142	geckodriver	INFO	Listening on 127.0.0.1:49761
1614119592229	mozrunner::runner	INFO	Running command: "C:\\Program Files\\Mozilla Firefox\\firefox.exe" "--marionette" "-foreground" "-no-remote" "-profile" "C:\\Users\\Arijit\\AppData\\Local\\Temp\\rust_mozprofileiIE5u7"
console.warn: SearchSettings: "get: No settings file exists, new profile?" (new Error("", "(unknown module)"))
console.warn: SearchSettings: "get: No settings file exists, new profile?" (new Error("", "(unknown module)"))
1614119594282	Marionette	INFO	Listening on port 49777
1614119594395	Marionette	WARN	TLS certificate errors will be ignored for this session
[Parent 22060, IPC I/O Parent] WARNING: file /builds/worker/checkouts/gecko/ipc/chromium/src/base/process_util_win.cc:167
1614119594410	Marionette	ERROR	[15] No reply from Marionette:Register
1614119615242	Marionette	INFO	Stopped listening on port 49777

###!!! [Child][RunMessage] Error: Channel closing: too late to send/recv, messages will be lost

1614122657706	geckodriver	INFO	Listening on 127.0.0.1:51592
1614122660801	mozrunner::runner	INFO	Running command: "C:\\Program Files\\Mozilla Firefox\\firefox.exe" "--marionette" "-foreground" "-no-remote" "-profile" "C:\\Users\\Arijit\\AppData\\Local\\Temp\\rust_mozprofileV2VjEX"
console.warn: SearchSettings: "get: No settings file exists, new profile?" (new Error("", "(unknown module)"))
console.warn: SearchSettings: "get: No settings file exists, new profile?" (new Error("", "(unknown module)"))
1614122663009	Marionette	INFO	Listening on port 51602
1614122663469	Marionette	WARN	TLS certificate errors will be ignored for this session
1614122663480	Marionette	ERROR	[15] No reply from Marionette:Register
1614122679220	Marionette	INFO	Stopped listening on port 51602

###!!! [Child][RunMessage] Error: Channel closing: too late to send/recv, messages will be lost

1614122990992	geckodriver	INFO	Listening on 127.0.0.1:51924
1614122994073	mozrunner::runner	INFO	Running command: "C:\\Program Files\\Mozilla Firefox\\firefox.exe" "--marionette" "-foreground" "-no-remote" "-profile" "C:\\Users\\Arijit\\AppData\\Local\\Temp\\rust_mozprofilemUjz64"
console.warn: SearchSettings: "get: No settings file exists, new profile?" (new Error("", "(unknown module)"))
console.warn: SearchSettings: "get: No settings file exists, new profile?" (new Error("", "(unknown module)"))
1614122996291	Marionette	INFO	Listening on port 51933
1614122996750	Marionette	WARN	TLS certificate errors will be ignored for this session
1614122996760	Marionette	ERROR	[15] No reply from Marionette:Register
1614123005144	Marionette	INFO	Stopped listening on port 51933

###!!! [Child][RunMessage] Error: Channel closing: too late to send/recv, messages will be lost

1614123142264	geckodriver	INFO	Listening on 127.0.0.1:52074
1614123145368	mozrunner::runner	INFO	Running command: "C:\\Program Files\\Mozilla Firefox\\firefox.exe" "--marionette" "-foreground" "-no-remote" "-profile" "C:\\Users\\Arijit\\AppData\\Local\\Temp\\rust_mozprofileRZ6si6"
console.warn: SearchSettings: "get: No settings file exists, new profile?" (new Error("", "(unknown module)"))
console.warn: SearchSettings: "get: No settings file exists, new profile?" (new Error("", "(unknown module)"))
1614123147488	Marionette	INFO	Listening on port 52084
1614123147539	Marionette	WARN	TLS certificate errors will be ignored for this session
1614123147551	Marionette	ERROR	[15] No reply from Marionette:Register
1614123162769	Marionette	INFO	Stopped listening on port 52084

###!!! [Child][RunMessage] Error: Channel closing: too late to send/recv, messages will be lost

1614123222749	geckodriver	INFO	Listening on 127.0.0.1:52178
1614123225838	mozrunner::runner	INFO	Running command: "C:\\Program Files\\Mozilla Firefox\\firefox.exe" "--marionette" "-foreground" "-no-remote" "-profile" "C:\\Users\\Arijit\\AppData\\Local\\Temp\\rust_mozprofileoaHS0S"
console.warn: SearchSettings: "get: No settings file exists, new profile?" (new Error("", "(unknown module)"))
console.warn: SearchSettings: "get: No settings file exists, new profile?" (new Error("", "(unknown module)"))
1614123228109	Marionette	INFO	Listening on port 52188
1614123228521	Marionette	WARN	TLS certificate errors will be ignored for this session
1614123228532	Marionette	ERROR	[15] No reply from Marionette:Register
1614123235712	Marionette	INFO	Stopped listening on port 52188

###!!! [Child][RunMessage] Error: Channel closing: too late to send/recv, messages will be lost

1614125221003	geckodriver	INFO	Listening on 127.0.0.1:53350
1614125224078	mozrunner::runner	INFO	Running command: "C:\\Program Files\\Mozilla Firefox\\firefox.exe" "--marionette" "-foreground" "-no-remote" "-profile" "C:\\Users\\Arijit\\AppData\\Local\\Temp\\rust_mozprofile9632xP"
console.warn: SearchSettings: "get: No settings file exists, new profile?" (new Error("", "(unknown module)"))
console.warn: SearchSettings: "get: No settings file exists, new profile?" (new Error("", "(unknown module)"))
1614125226290	Marionette	INFO	Listening on port 53359
1614125226758	Marionette	WARN	TLS certificate errors will be ignored for this session
1614125226768	Marionette	ERROR	[15] No reply from Marionette:Register
1614125284466	Marionette	INFO	Stopped listening on port 53359

###!!! [Child][RunMessage] Error: Channel closing: too late to send/recv, messages will be lost

"--marionette" "-foreground" "-no-remote" "-profile" "C:\\Users\\Arijit\\AppData\\Local\\Temp\\rust_mozprofileR1u3ow"
console.warn: SearchSettings: "get: No settings file exists, new profile?" (new Error("", "(unknown module)"))
console.warn: SearchSettings: "get: No settings file exists, new profile?" (new Error("", "(unknown module)"))
1614125251909	Marionette	INFO	Listening on port 53442
1614125252413	Marionette	WARN	TLS certificate errors will be ignored for this session
1614125252426	Marionette	ERROR	[15] No reply from Marionette:Register
1614125256927	Marionette	INFO	Stopped listening on port 53442

###!!! [Child][RunMessage] Error: Channel closing: too late to send/recv, messages will be lost

1614125684888	geckodriver	INFO	Listening on 127.0.0.1:53767
1614125687990	mozrunner::runner	INFO	Running command: "C:\\Program Files\\Mozilla Firefox\\firefox.exe" "--marionette" "-foreground" "-no-remote" "-profile" "C:\\Users\\Arijit\\AppData\\Local\\Temp\\rust_mozprofilebglfaG"
console.warn: SearchSettings: "get: No settings file exists, new profile?" (new Error("", "(unknown module)"))
console.warn: SearchSettings: "get: No settings file exists, new profile?" (new Error("", "(unknown module)"))
1614125690109	Marionette	INFO	Listening on port 53777
1614125690186	Marionette	WARN	TLS certificate errors will be ignored for this session
1614125690208	Marionette	ERROR	[15] No reply from Marionette:Register
1614125795133	Marionette	INFO	Stopped listening on port 53777

###!!! [Child][RunMessage] Error: Channel closing: too late to send/recv, messages will be lost

1614126445518	geckodriver	INFO	Listening on 127.0.0.1:54268
1614126448615	mozrunner::runner	INFO	Running command: "C:\\Program Files\\Mozilla Firefox\\firefox.exe" "--marionette" "-foreground" "-no-remote" "-profile" "C:\\Users\\Arijit\\AppData\\Local\\Temp\\rust_mozprofileBCJodx"
console.warn: SearchSettings: "get: No settings file exists, new profile?" (new Error("", "(unknown module)"))
console.warn: SearchSettings: "get: No settings file exists, new profile?" (new Error("", "(unknown module)"))
1614126450931	Marionette	INFO	Listening on port 54277
1614126451277	Marionette	WARN	TLS certificate errors will be ignored for this session
1614126451291	Marionette	ERROR	[18] No reply from Marionette:Register
1614126464755	Marionette	INFO	Stopped listening on port 54277

###!!! [Child][RunMessage] Error: Channel closing: too late to send/recv, messages will be lost

1614126537087	geckodriver	INFO	Listening on 127.0.0.1:54391
1614126540205	mozrunner::runner	INFO	Running command: "C:\\Program Files\\Mozilla Firefox\\firefox.exe" "--marionette" "-foreground" "-no-remote" "-profile" "C:\\Users\\Arijit\\AppData\\Local\\Temp\\rust_mozprofile6r69mD"
console.warn: SearchSettings: "get: No settings file exists, new profile?" (new Error("", "(unknown module)"))
console.warn: SearchSettings: "get: No settings file exists, new profile?" (new Error("", "(unknown module)"))
1614126542403	Marionette	INFO	Listening on port 54400
1614126542892	Marionette	WARN	TLS certificate errors will be ignored for this session
1614126542904	Marionette	ERROR	[18] No reply from Marionette:Register

###!!! [Child][RunMessage] Error: Channel closing: too late to send/recv, messages will be lost

1614126570240	Marionette	INFO	Stopped listening on port 54400

###!!! [Child][RunMessage] Error: Channel closing: too late to send/recv, messages will be lost

1614127002353	geckodriver	INFO	Listening on 127.0.0.1:54748
1614127005421	mozrunner::runner	INFO	Running command: "C:\\Program Files\\Mozilla Firefox\\firefox.exe" "--marionette" "-foreground" "-no-remote" "-profile" "C:\\Users\\Arijit\\AppData\\Local\\Temp\\rust_mozprofile7sop5W"
console.warn: SearchSettings: "get: No settings file exists, new profile?" (new Error("", "(unknown module)"))
console.warn: SearchSettings: "get: No settings file exists, new profile?" (new Error("", "(unknown module)"))
1614127007538	Marionette	INFO	Listening on port 54758
1614127007609	Marionette	WARN	TLS certificate errors will be ignored for this session
1614127007620	Marionette	ERROR	[15] No reply from Marionette:Register
1614127028877	Marionette	INFO	Stopped listening on port 54758

###!!! [Child][RunMessage] Error: Channel closing: too late to send/recv, messages will be lost

1614127029614	geckodriver	INFO	Listening on 127.0.0.1:54827
1614127032693	mozrunner::runner	INFO	Running command: "C:\\Program Files\\Mozilla Firefox\\firefox.exe" "--marionette" "-foreground" "-no-remote" "-profile" "C:\\Users\\Arijit\\AppData\\Local\\Temp\\rust_mozprofileOPQyEt"
console.warn: SearchSettings: "get: No settings file exists, new profile?" (new Error("", "(unknown module)"))
console.warn: SearchSettings: "get: No settings file exists, new profile?" (new Error("", "(unknown module)"))
1614127034780	Marionette	INFO	Listening on port 54837
1614127034870	Marionette	WARN	TLS certificate errors will be ignored for this session
1614127034882	Marionette	ERROR	[15] No reply from Marionette:Register
1614127037544	Marionette	INFO	Stopped listening on port 54837
JavaScript error: resource://gre/modules/UrlClassifierListManager.jsm, line 691: TypeError: this.tablesData[table] is undefined

###!!! [Child][RunMessage] Error: Channel closing: too late to send/recv, messages will be lost

1614127548127	geckodriver	INFO	Listening on 127.0.0.1:55476
1614127551240	mozrunner::runner	INFO	Running command: "C:\\Program Files\\Mozilla Firefox\\firefox.exe" "--marionette" "-foreground" "-no-remote" "-profile" "C:\\Users\\Arijit\\AppData\\Local\\Temp\\rust_mozprofilem66uee"
console.warn: SearchSettings: "get: No settings file exists, new profile?" (new Error("", "(unknown module)"))
console.warn: SearchSettings: "get: No settings file exists, new profile?" (new Error("", "(unknown module)"))
1614127553313	Marionette	INFO	Listening on port 55485
1614127553415	Marionette	WARN	TLS certificate errors will be ignored for this session
1614127553431	Marionette	ERROR	[15] No reply from Marionette:Register
1614127575025	Marionette	INFO	Stopped listening on port 55485

###!!! [Child][RunMessage] Error: Channel closing: too late to send/recv, messages will be lost

1614127575700	geckodriver	INFO	Listening on 127.0.0.1:55560
1614127579468	mozrunner::runner	INFO	Running command: "C:\\Program Files\\Mozilla Firefox\\firefox.exe" "--marionette" "-foreground" "-no-remote" "-profile" "C:\\Users\\Arijit\\AppData\\Local\\Temp\\rust_mozprofile7Z7Q2I"
console.warn: SearchSettings: "get: No settings file exists, new profile?" (new Error("", "(unknown module)"))
console.warn: SearchSettings: "get: No settings file exists, new profile?" (new Error("", "(unknown module)"))
1614127581544	Marionette	INFO	Listening on port 55581
1614127581651	Marionette	WARN	TLS certificate errors will be ignored for this session
1614127581674	Marionette	ERROR	[18] No reply from Marionette:Register
1614127585685	Marionette	INFO	Stopped listening on port 55581

###!!! [Child][RunMessage] Error: Channel closing: too late to send/recv, messages will be lost

1614127689100	geckodriver	INFO	Listening on 127.0.0.1:55750
1614127692182	mozrunner::runner	INFO	Running command: "C:\\Program Files\\Mozilla Firefox\\firefox.exe" "--marionette" "-foreground" "-no-remote" "-profile" "C:\\Users\\Arijit\\AppData\\Local\\Temp\\rust_mozprofile5ILFAo"
console.warn: SearchSettings: "get: No settings file exists, new profile?" (new Error("", "(unknown module)"))
console.warn: SearchSettings: "get: No settings file exists, new profile?" (new Error("", "(unknown module)"))
1614127694214	Marionette	INFO	Listening on port 55759
1614127694254	Marionette	WARN	TLS certificate errors will be ignored for this session
1614127694276	Marionette	ERROR	[18] No reply from Marionette:Register
1614127715503	Marionette	INFO	Stopped listening on port 55759

###!!! [Child][RunMessage] Error: Channel closing: too late to send/recv, messages will be lost

1614127716226	geckodriver	INFO	Listening on 127.0.0.1:55829
1614127719290	mozrunner::runner	INFO	Running command: "C:\\Program Files\\Mozilla Firefox\\firefox.exe" "--marionette" "-foreground" "-no-remote" "-profile" "C:\\Users\\Arijit\\AppData\\Local\\Temp\\rust_mozprofileyPyS4U"
console.warn: SearchSettings: "get: No settings file exists, new profile?" (new Error("", "(unknown module)"))
console.warn: SearchSettings: "get: No settings file exists, new profile?" (new Error("", "(unknown module)"))
1614127721334	Marionette	INFO	Listening on port 55838
1614127721459	Marionette	WARN	TLS certificate errors will be ignored for this session
1614127721474	Marionette	ERROR	[15] No reply from Marionette:Register
1614127725902	Marionette	INFO	Stopped listening on port 55838
1614197735454	geckodriver	INFO	Listening on 127.0.0.1:64021
1614197738537	mozrunner::runner	INFO	Running command: "C:\\Program Files\\Mozilla Firefox\\firefox.exe" "--marionette" "-foreground" "-no-remote" "-profile" "C:\\Users\\Arijit\\AppData\\Local\\Temp\\rust_mozprofileBWHUUs"
console.warn: SearchSettings: "get: No settings file exists, new profile?" (new Error("", "(unknown module)"))
console.warn: SearchSettings: "get: No settings file exists, new profile?" (new Error("", "(unknown module)"))
1614197741226	Marionette	INFO	Listening on port 64029
1614197741739	Marionette	WARN	TLS certificate errors will be ignored for this session
1614197741753	Marionette	ERROR	[15] No reply from Marionette:Register
1614197765260	Marionette	INFO	Stopped listening on port 64029

###!!! [Child][RunMessage] Error: Channel closing: too late to send/recv, messages will be lost

1614197765942	geckodriver	INFO	Listening on 127.0.0.1:64092
1614197769014	mozrunner::runner	INFO	Running command: "C:\\Program Files\\Mozilla Firefox\\firefox.exe" "--marionette" "-foreground" "-no-remote" "-profile" "C:\\Users\\Arijit\\AppData\\Local\\Temp\\rust_mozprofilet4ZQ0v"
console.warn: SearchSettings: "get: No settings file exists, new profile?" (new Error("", "(unknown module)"))
console.warn: SearchSettings: "get: No settings file exists, new profile?" (new Error("", "(unknown module)"))
1614197771175	Marionette	INFO	Listening on port 64100
1614197771700	Marionette	WARN	TLS certificate errors will be ignored for this session
1614197771714	Marionette	ERROR	[15] No reply from Marionette:Register
1614197776150	Marionette	INFO	Stopped listening on port 64100

###!!! [Child][RunMessage] Error: Channel closing: too late to send/recv, messages will be lost

